<?xml version="1.0" encoding="UTF-8"?>
<!-- Generated by org.testng.reporters.JUnitReportReporter -->
<testsuite skipped="0" hostname="DESKTOP-4D0A408" name="uk.co.theautomatedtester.book.test.AutoTest" tests="1" failures="0" timestamp="2020-01-15T22:00:28 EET" time="7.458" errors="0">
  <testcase name="CheckThatTextIsDisplayedOnChapterOnePage" time="7.458" classname="uk.co.theautomatedtester.book.test.AutoTest"/>
</testsuite> <!-- uk.co.theautomatedtester.book.test.AutoTest -->
