<?xml version="1.0" encoding="UTF-8"?>
<!-- Generated by org.testng.reporters.JUnitReportReporter -->
<testsuite skipped="0" hostname="DESKTOP-4D0A408" name="uk.co.theautomatedtester.book.test.CheckingThatTheTextIsDisplayedSpec" tests="1" failures="0" timestamp="2020-01-15T20:35:11 EET" time="12.649" errors="0">
  <testcase name="test1" time="12.649" classname="uk.co.theautomatedtester.book.test.CheckingThatTheTextIsDisplayedSpec"/>
</testsuite> <!-- uk.co.theautomatedtester.book.test.CheckingThatTheTextIsDisplayedSpec -->
