<?xml version="1.0" encoding="UTF-8"?>
<!-- Generated by org.testng.reporters.JUnitReportReporter -->
<testsuite skipped="0" hostname="DESKTOP-4D0A408" name="uk.co.theautomatedtester.book.test.AutoTest" tests="1" failures="0" timestamp="15 Jan 2020 20:03:14 GMT" time="6.966" errors="0">
  <testcase name="CheckThatTextIsDisplayedOnChapterOnePage" time="6.966" classname="uk.co.theautomatedtester.book.test.AutoTest"/>
</testsuite> <!-- uk.co.theautomatedtester.book.test.AutoTest -->
