<?xml version="1.0" encoding="UTF-8"?>
<!-- Generated by org.testng.reporters.JUnitReportReporter -->
<testsuite skipped="0" hostname="DESKTOP-4D0A408" name="uk.co.theautomatedtester.book.test.CheckingThatTheTextIsDisplayedSpec" tests="1" failures="0" timestamp="15 Jan 2020 19:56:47 GMT" time="8.479" errors="0">
  <testcase name="test1" time="8.479" classname="uk.co.theautomatedtester.book.test.CheckingThatTheTextIsDisplayedSpec"/>
</testsuite> <!-- uk.co.theautomatedtester.book.test.CheckingThatTheTextIsDisplayedSpec -->
